Building DAG of jobs...
Using shell: /usr/bin/bash
Provided cores: 40
Rules claiming more threads will be scaled down.
Job stats:
job             count    min threads    max threads
------------  -------  -------------  -------------
eigenWrapper        1              1              1
total               1              1              1

Select jobs to execute...

[Fri Oct  4 14:00:06 2024]
rule eigenWrapper:
    input: toy_example/all_ind.geno
    output: toy_example/all_ind.geno_pc
    jobid: 0
    resources: tmpdir=/tmp

[Fri Oct  4 14:00:07 2024]
Error in rule eigenWrapper:
    jobid: 0
    output: toy_example/all_ind.geno_pc

RuleException:
CalledProcessError in line 16 of /mnt/diversity/divyaratan_popli/pca_paper/Snakemake_pipelines/real_data/Snakefile:
Command 'set -euo pipefail;  Rscript --vanilla /mnt/diversity/divyaratan_popli/pca_paper/Snakemake_pipelines/real_data/.snakemake/scripts/tmpmi4n9ka1.convert_geno.R' returned non-zero exit status 1.
  File "/mnt/diversity/divyaratan_popli/pca_paper/Snakemake_pipelines/real_data/Snakefile", line 16, in __rule_eigenWrapper
  File "/usr/local64/opt/miniconda/lib/python3.8/concurrent/futures/thread.py", line 57, in run
Shutting down, this might take some time.
Exiting because a job execution failed. Look above for error message
Complete log: /mnt/diversity/divyaratan_popli/pca_paper/Snakemake_pipelines/real_data/.snakemake/log/2024-10-04T140004.856500.snakemake.log
