Building DAG of jobs...
Using shell: /usr/bin/bash
Provided cores: 40
Rules claiming more threads will be scaled down.
Job stats:
job             count    min threads    max threads
------------  -------  -------------  -------------
eigenWrapper        1              1              1
total               1              1              1

Select jobs to execute...

[Fri Oct  4 14:03:28 2024]
rule eigenWrapper:
    input: toy_example/all_ind.geno
    output: toy_example/all_ind.geno_pc
    jobid: 0
    resources: tmpdir=/tmp

[Fri Oct  4 14:03:39 2024]
Finished job 0.
1 of 1 steps (100%) done
Complete log: /mnt/diversity/divyaratan_popli/pca_paper/Snakemake_pipelines/real_data/.snakemake/log/2024-10-04T140327.349085.snakemake.log
