Building DAG of jobs...
Using shell: /usr/bin/bash
Provided cores: 30
Rules claiming more threads will be scaled down.
Job stats:
job                 count    min threads    max threads
----------------  -------  -------------  -------------
merge_block_info        1              1              1
splitEigen_ch          22              1              1
split_chrm             22              1              1
total                  45              1              1

Select jobs to execute...

[Fri Oct  4 14:09:33 2024]
rule split_chrm:
    input: toy_example/all_ind.snp
    output: to_delete/chrm7/all_ind.snp
    jobid: 14
    wildcards: ch=7
    resources: tmpdir=/tmp


[Fri Oct  4 14:09:33 2024]
rule split_chrm:
    input: toy_example/all_ind.snp
    output: to_delete/chrm18/all_ind.snp
    jobid: 36
    wildcards: ch=18
    resources: tmpdir=/tmp


[Fri Oct  4 14:09:33 2024]
rule split_chrm:
    input: toy_example/all_ind.snp
    output: to_delete/chrm22/all_ind.snp
    jobid: 44
    wildcards: ch=22
    resources: tmpdir=/tmp


[Fri Oct  4 14:09:33 2024]
rule split_chrm:
    input: toy_example/all_ind.snp
    output: to_delete/chrm3/all_ind.snp
    jobid: 6
    wildcards: ch=3
    resources: tmpdir=/tmp


[Fri Oct  4 14:09:33 2024]
rule split_chrm:
    input: toy_example/all_ind.snp
    output: to_delete/chrm11/all_ind.snp
    jobid: 22
    wildcards: ch=11
    resources: tmpdir=/tmp


[Fri Oct  4 14:09:33 2024]
rule split_chrm:
    input: toy_example/all_ind.snp
    output: to_delete/chrm15/all_ind.snp
    jobid: 30
    wildcards: ch=15
    resources: tmpdir=/tmp


[Fri Oct  4 14:09:33 2024]
rule split_chrm:
    input: toy_example/all_ind.snp
    output: to_delete/chrm4/all_ind.snp
    jobid: 8
    wildcards: ch=4
    resources: tmpdir=/tmp


[Fri Oct  4 14:09:33 2024]
rule split_chrm:
    input: toy_example/all_ind.snp
    output: to_delete/chrm8/all_ind.snp
    jobid: 16
    wildcards: ch=8
    resources: tmpdir=/tmp


[Fri Oct  4 14:09:33 2024]
rule split_chrm:
    input: toy_example/all_ind.snp
    output: to_delete/chrm19/all_ind.snp
    jobid: 38
    wildcards: ch=19
    resources: tmpdir=/tmp


[Fri Oct  4 14:09:33 2024]
rule split_chrm:
    input: toy_example/all_ind.snp
    output: to_delete/chrm23/all_ind.snp
    jobid: 46
    wildcards: ch=23
    resources: tmpdir=/tmp


[Fri Oct  4 14:09:33 2024]
rule split_chrm:
    input: toy_example/all_ind.snp
    output: to_delete/chrm12/all_ind.snp
    jobid: 24
    wildcards: ch=12
    resources: tmpdir=/tmp


[Fri Oct  4 14:09:33 2024]
rule split_chrm:
    input: toy_example/all_ind.snp
    output: to_delete/chrm16/all_ind.snp
    jobid: 32
    wildcards: ch=16
    resources: tmpdir=/tmp


[Fri Oct  4 14:09:33 2024]
rule split_chrm:
    input: toy_example/all_ind.snp
    output: to_delete/chrm5/all_ind.snp
    jobid: 10
    wildcards: ch=5
    resources: tmpdir=/tmp


[Fri Oct  4 14:09:33 2024]
rule split_chrm:
    input: toy_example/all_ind.snp
    output: to_delete/chrm9/all_ind.snp
    jobid: 18
    wildcards: ch=9
    resources: tmpdir=/tmp


[Fri Oct  4 14:09:33 2024]
rule split_chrm:
    input: toy_example/all_ind.snp
    output: to_delete/chrm20/all_ind.snp
    jobid: 40
    wildcards: ch=20
    resources: tmpdir=/tmp


[Fri Oct  4 14:09:33 2024]
rule split_chrm:
    input: toy_example/all_ind.snp
    output: to_delete/chrm2/all_ind.snp
    jobid: 4
    wildcards: ch=2
    resources: tmpdir=/tmp


[Fri Oct  4 14:09:34 2024]
rule split_chrm:
    input: toy_example/all_ind.snp
    output: to_delete/chrm13/all_ind.snp
    jobid: 26
    wildcards: ch=13
    resources: tmpdir=/tmp


[Fri Oct  4 14:09:34 2024]
rule split_chrm:
    input: toy_example/all_ind.snp
    output: to_delete/chrm17/all_ind.snp
    jobid: 34
    wildcards: ch=17
    resources: tmpdir=/tmp


[Fri Oct  4 14:09:34 2024]
rule split_chrm:
    input: toy_example/all_ind.snp
    output: to_delete/chrm6/all_ind.snp
    jobid: 12
    wildcards: ch=6
    resources: tmpdir=/tmp


[Fri Oct  4 14:09:34 2024]
rule split_chrm:
    input: toy_example/all_ind.snp
    output: to_delete/chrm10/all_ind.snp
    jobid: 20
    wildcards: ch=10
    resources: tmpdir=/tmp


[Fri Oct  4 14:09:34 2024]
rule split_chrm:
    input: toy_example/all_ind.snp
    output: to_delete/chrm21/all_ind.snp
    jobid: 42
    wildcards: ch=21
    resources: tmpdir=/tmp


[Fri Oct  4 14:09:34 2024]
rule split_chrm:
    input: toy_example/all_ind.snp
    output: to_delete/chrm14/all_ind.snp
    jobid: 28
    wildcards: ch=14
    resources: tmpdir=/tmp

[Fri Oct  4 14:09:34 2024]
Finished job 14.
1 of 45 steps (2%) done
[Fri Oct  4 14:09:34 2024]
Finished job 36.
2 of 45 steps (4%) done
[Fri Oct  4 14:09:34 2024]
Finished job 44.
3 of 45 steps (7%) done
[Fri Oct  4 14:09:34 2024]
Finished job 6.
4 of 45 steps (9%) done
[Fri Oct  4 14:09:34 2024]
Finished job 22.
5 of 45 steps (11%) done
[Fri Oct  4 14:09:34 2024]
Finished job 16.
6 of 45 steps (13%) done
[Fri Oct  4 14:09:34 2024]
Finished job 8.
7 of 45 steps (16%) done
[Fri Oct  4 14:09:34 2024]
Finished job 30.
8 of 45 steps (18%) done
[Fri Oct  4 14:09:34 2024]
Finished job 38.
9 of 45 steps (20%) done
[Fri Oct  4 14:09:34 2024]
Finished job 46.
10 of 45 steps (22%) done
[Fri Oct  4 14:09:34 2024]
Finished job 24.
11 of 45 steps (24%) done
[Fri Oct  4 14:09:34 2024]
Finished job 32.
12 of 45 steps (27%) done
[Fri Oct  4 14:09:34 2024]
Finished job 18.
13 of 45 steps (29%) done
Select jobs to execute...

[Fri Oct  4 14:09:34 2024]
rule splitEigen_ch:
    input: to_delete/chrm3/all_ind.snp
    output: to_delete/chrm3/n_blocks.csv
    jobid: 5
    wildcards: ch=3
    resources: tmpdir=/tmp

[Fri Oct  4 14:09:34 2024]
rule splitEigen_ch:
    input: to_delete/chrm16/all_ind.snp
    output: to_delete/chrm16/n_blocks.csv
    jobid: 31
    wildcards: ch=16
    resources: tmpdir=/tmp

[Fri Oct  4 14:09:34 2024]
rule splitEigen_ch:
    input: to_delete/chrm15/all_ind.snp
    output: to_delete/chrm15/n_blocks.csv
    jobid: 29
    wildcards: ch=15
    resources: tmpdir=/tmp

[Fri Oct  4 14:09:34 2024]
rule splitEigen_ch:
    input: to_delete/chrm11/all_ind.snp
    output: to_delete/chrm11/n_blocks.csv
    jobid: 21
    wildcards: ch=11
    resources: tmpdir=/tmp

[Fri Oct  4 14:09:34 2024]
rule splitEigen_ch:
    input: to_delete/chrm12/all_ind.snp
    output: to_delete/chrm12/n_blocks.csv
    jobid: 23
    wildcards: ch=12
    resources: tmpdir=/tmp

[Fri Oct  4 14:09:34 2024]
rule splitEigen_ch:
    input: to_delete/chrm18/all_ind.snp
    output: to_delete/chrm18/n_blocks.csv
    jobid: 35
    wildcards: ch=18
    resources: tmpdir=/tmp

[Fri Oct  4 14:09:34 2024]
rule splitEigen_ch:
    input: to_delete/chrm19/all_ind.snp
    output: to_delete/chrm19/n_blocks.csv
    jobid: 37
    wildcards: ch=19
    resources: tmpdir=/tmp

[Fri Oct  4 14:09:34 2024]
rule splitEigen_ch:
    input: to_delete/chrm8/all_ind.snp
    output: to_delete/chrm8/n_blocks.csv
    jobid: 15
    wildcards: ch=8
    resources: tmpdir=/tmp

[Fri Oct  4 14:09:34 2024]
rule splitEigen_ch:
    input: to_delete/chrm4/all_ind.snp
    output: to_delete/chrm4/n_blocks.csv
    jobid: 7
    wildcards: ch=4
    resources: tmpdir=/tmp

[Fri Oct  4 14:09:34 2024]
rule splitEigen_ch:
    input: to_delete/chrm23/all_ind.snp
    output: to_delete/chrm23/n_blocks.csv
    jobid: 45
    wildcards: ch=23
    resources: tmpdir=/tmp

[Fri Oct  4 14:09:34 2024]
rule splitEigen_ch:
    input: to_delete/chrm9/all_ind.snp
    output: to_delete/chrm9/n_blocks.csv
    jobid: 17
    wildcards: ch=9
    resources: tmpdir=/tmp

[Fri Oct  4 14:09:34 2024]
rule splitEigen_ch:
    input: to_delete/chrm7/all_ind.snp
    output: to_delete/chrm7/n_blocks.csv
    jobid: 13
    wildcards: ch=7
    resources: tmpdir=/tmp

[Fri Oct  4 14:09:34 2024]
rule splitEigen_ch:
    input: to_delete/chrm22/all_ind.snp
    output: to_delete/chrm22/n_blocks.csv
    jobid: 43
    wildcards: ch=22
    resources: tmpdir=/tmp

[Fri Oct  4 14:09:34 2024]
Finished job 40.
14 of 45 steps (31%) done
[Fri Oct  4 14:09:34 2024]
Finished job 4.
15 of 45 steps (33%) done
[Fri Oct  4 14:09:34 2024]
Finished job 26.
16 of 45 steps (36%) done
[Fri Oct  4 14:09:34 2024]
Finished job 34.
17 of 45 steps (38%) done
[Fri Oct  4 14:09:34 2024]
Finished job 12.
18 of 45 steps (40%) done
[Fri Oct  4 14:09:34 2024]
Finished job 20.
19 of 45 steps (42%) done
[Fri Oct  4 14:09:34 2024]
Finished job 42.
20 of 45 steps (44%) done
Select jobs to execute...

[Fri Oct  4 14:09:34 2024]
rule splitEigen_ch:
    input: to_delete/chrm17/all_ind.snp
    output: to_delete/chrm17/n_blocks.csv
    jobid: 33
    wildcards: ch=17
    resources: tmpdir=/tmp

[Fri Oct  4 14:09:34 2024]
rule splitEigen_ch:
    input: to_delete/chrm2/all_ind.snp
    output: to_delete/chrm2/n_blocks.csv
    jobid: 3
    wildcards: ch=2
    resources: tmpdir=/tmp

[Fri Oct  4 14:09:34 2024]
rule splitEigen_ch:
    input: to_delete/chrm13/all_ind.snp
    output: to_delete/chrm13/n_blocks.csv
    jobid: 25
    wildcards: ch=13
    resources: tmpdir=/tmp

[Fri Oct  4 14:09:34 2024]
rule splitEigen_ch:
    input: to_delete/chrm21/all_ind.snp
    output: to_delete/chrm21/n_blocks.csv
    jobid: 41
    wildcards: ch=21
    resources: tmpdir=/tmp

[Fri Oct  4 14:09:34 2024]
rule splitEigen_ch:
    input: to_delete/chrm20/all_ind.snp
    output: to_delete/chrm20/n_blocks.csv
    jobid: 39
    wildcards: ch=20
    resources: tmpdir=/tmp

[Fri Oct  4 14:09:34 2024]
rule splitEigen_ch:
    input: to_delete/chrm10/all_ind.snp
    output: to_delete/chrm10/n_blocks.csv
    jobid: 19
    wildcards: ch=10
    resources: tmpdir=/tmp

[Fri Oct  4 14:09:34 2024]
rule splitEigen_ch:
    input: to_delete/chrm6/all_ind.snp
    output: to_delete/chrm6/n_blocks.csv
    jobid: 11
    wildcards: ch=6
    resources: tmpdir=/tmp

[Fri Oct  4 14:09:34 2024]
Finished job 28.
21 of 45 steps (47%) done
Select jobs to execute...

[Fri Oct  4 14:09:34 2024]
rule splitEigen_ch:
    input: to_delete/chrm14/all_ind.snp
    output: to_delete/chrm14/n_blocks.csv
    jobid: 27
    wildcards: ch=14
    resources: tmpdir=/tmp

[Fri Oct  4 14:09:34 2024]
Finished job 10.
22 of 45 steps (49%) done
Select jobs to execute...

[Fri Oct  4 14:09:34 2024]
rule splitEigen_ch:
    input: to_delete/chrm5/all_ind.snp
    output: to_delete/chrm5/n_blocks.csv
    jobid: 9
    wildcards: ch=5
    resources: tmpdir=/tmp

[Fri Oct  4 14:09:36 2024]
Finished job 29.
23 of 45 steps (51%) done
[Fri Oct  4 14:09:37 2024]
Finished job 43.
24 of 45 steps (53%) done
[Fri Oct  4 14:09:37 2024]
Finished job 5.
25 of 45 steps (56%) done
[Fri Oct  4 14:09:37 2024]
Finished job 37.
26 of 45 steps (58%) done
[Fri Oct  4 14:09:37 2024]
Finished job 35.
27 of 45 steps (60%) done
[Fri Oct  4 14:09:37 2024]
Finished job 23.
28 of 45 steps (62%) done
[Fri Oct  4 14:09:37 2024]
Finished job 17.
29 of 45 steps (64%) done
[Fri Oct  4 14:09:37 2024]
Finished job 31.
30 of 45 steps (67%) done
[Fri Oct  4 14:09:37 2024]
Finished job 21.
31 of 45 steps (69%) done
[Fri Oct  4 14:09:37 2024]
Finished job 45.
32 of 45 steps (71%) done
[Fri Oct  4 14:09:37 2024]
Finished job 41.
33 of 45 steps (73%) done
[Fri Oct  4 14:09:37 2024]
Finished job 33.
34 of 45 steps (76%) done
[Fri Oct  4 14:09:37 2024]
Finished job 39.
35 of 45 steps (78%) done
[Fri Oct  4 14:09:37 2024]
Finished job 19.
36 of 45 steps (80%) done
[Fri Oct  4 14:09:37 2024]
Finished job 13.
37 of 45 steps (82%) done
[Fri Oct  4 14:09:37 2024]
Finished job 15.
38 of 45 steps (84%) done
[Fri Oct  4 14:09:37 2024]
Finished job 7.
39 of 45 steps (87%) done
[Fri Oct  4 14:09:37 2024]
Finished job 9.
40 of 45 steps (89%) done
[Fri Oct  4 14:09:37 2024]
Finished job 25.
41 of 45 steps (91%) done
[Fri Oct  4 14:09:37 2024]
Finished job 27.
42 of 45 steps (93%) done
[Fri Oct  4 14:09:37 2024]
Finished job 3.
43 of 45 steps (96%) done
[Fri Oct  4 14:09:37 2024]
Finished job 11.
44 of 45 steps (98%) done
Select jobs to execute...

[Fri Oct  4 14:09:37 2024]
rule merge_block_info:
    input: to_delete/chrm1/n_blocks.csv, to_delete/chrm2/n_blocks.csv, to_delete/chrm3/n_blocks.csv, to_delete/chrm4/n_blocks.csv, to_delete/chrm5/n_blocks.csv, to_delete/chrm6/n_blocks.csv, to_delete/chrm7/n_blocks.csv, to_delete/chrm8/n_blocks.csv, to_delete/chrm9/n_blocks.csv, to_delete/chrm10/n_blocks.csv, to_delete/chrm11/n_blocks.csv, to_delete/chrm12/n_blocks.csv, to_delete/chrm13/n_blocks.csv, to_delete/chrm14/n_blocks.csv, to_delete/chrm15/n_blocks.csv, to_delete/chrm16/n_blocks.csv, to_delete/chrm17/n_blocks.csv, to_delete/chrm18/n_blocks.csv, to_delete/chrm19/n_blocks.csv, to_delete/chrm20/n_blocks.csv, to_delete/chrm21/n_blocks.csv, to_delete/chrm22/n_blocks.csv, to_delete/chrm23/n_blocks.csv
    output: to_delete/n_blocks.csv
    jobid: 0
    resources: tmpdir=/tmp

[Fri Oct  4 14:09:39 2024]
Finished job 0.
45 of 45 steps (100%) done
Complete log: /mnt/diversity/divyaratan_popli/pca_paper/Snakemake_pipelines/real_data/.snakemake/log/2024-10-04T140932.327747.snakemake.log
