Building DAG of jobs...
IncompleteFilesException:
The files below seem to be incomplete. If you are sure that certain files are not incomplete, mark them as complete with

    snakemake --cleanup-metadata <filenames>

To re-generate the files rerun your command with the --rerun-incomplete flag.
Incomplete files:
to_delete/filter405/pcs_ppca_miss/pcs_npcs2.csv
to_delete/filter405/pcs_ppca_miss/pcs_npcs2.csv_scores
to_delete/filter405/pcs_ppca_miss/pcs_npcs2_data_rec.csv
to_delete/filter405/pcs_ppca_miss/pcs_npcs2_sigma.txt
to_delete/filter405/pcs_ppca_miss/pcs_npcs2_eval.csv
to_delete/filter406/pcs_ppca_miss/pcs_npcs2.csv
to_delete/filter406/pcs_ppca_miss/pcs_npcs2.csv_scores
to_delete/filter406/pcs_ppca_miss/pcs_npcs2_data_rec.csv
to_delete/filter406/pcs_ppca_miss/pcs_npcs2_sigma.txt
to_delete/filter406/pcs_ppca_miss/pcs_npcs2_eval.csv
to_delete/filter407/pcs_ppca_miss/pcs_npcs2.csv
to_delete/filter407/pcs_ppca_miss/pcs_npcs2.csv_scores
to_delete/filter407/pcs_ppca_miss/pcs_npcs2_data_rec.csv
to_delete/filter407/pcs_ppca_miss/pcs_npcs2_sigma.txt
to_delete/filter407/pcs_ppca_miss/pcs_npcs2_eval.csv
to_delete/filter408/pcs_ppca_miss/pcs_npcs2.csv
to_delete/filter408/pcs_ppca_miss/pcs_npcs2.csv_scores
to_delete/filter408/pcs_ppca_miss/pcs_npcs2_data_rec.csv
to_delete/filter408/pcs_ppca_miss/pcs_npcs2_sigma.txt
to_delete/filter408/pcs_ppca_miss/pcs_npcs2_eval.csv
to_delete/filter409/pcs_ppca_miss/pcs_npcs2.csv
to_delete/filter409/pcs_ppca_miss/pcs_npcs2.csv_scores
to_delete/filter409/pcs_ppca_miss/pcs_npcs2_data_rec.csv
to_delete/filter409/pcs_ppca_miss/pcs_npcs2_sigma.txt
to_delete/filter409/pcs_ppca_miss/pcs_npcs2_eval.csv
to_delete/filter410/pcs_ppca_miss/pcs_npcs2.csv
to_delete/filter410/pcs_ppca_miss/pcs_npcs2.csv_scores
to_delete/filter410/pcs_ppca_miss/pcs_npcs2_data_rec.csv
to_delete/filter410/pcs_ppca_miss/pcs_npcs2_sigma.txt
to_delete/filter410/pcs_ppca_miss/pcs_npcs2_eval.csv
to_delete/filter411/pcs_ppca_miss/pcs_npcs2.csv
to_delete/filter411/pcs_ppca_miss/pcs_npcs2.csv_scores
to_delete/filter411/pcs_ppca_miss/pcs_npcs2_data_rec.csv
to_delete/filter411/pcs_ppca_miss/pcs_npcs2_sigma.txt
to_delete/filter411/pcs_ppca_miss/pcs_npcs2_eval.csv
to_delete/filter412/pcs_ppca_miss/pcs_npcs2.csv
to_delete/filter412/pcs_ppca_miss/pcs_npcs2.csv_scores
to_delete/filter412/pcs_ppca_miss/pcs_npcs2_data_rec.csv
to_delete/filter412/pcs_ppca_miss/pcs_npcs2_sigma.txt
to_delete/filter412/pcs_ppca_miss/pcs_npcs2_eval.csv
to_delete/filter413/pcs_ppca_miss/pcs_npcs2.csv
to_delete/filter413/pcs_ppca_miss/pcs_npcs2.csv_scores
to_delete/filter413/pcs_ppca_miss/pcs_npcs2_data_rec.csv
to_delete/filter413/pcs_ppca_miss/pcs_npcs2_sigma.txt
to_delete/filter413/pcs_ppca_miss/pcs_npcs2_eval.csv
to_delete/filter414/pcs_ppca_miss/pcs_npcs2.csv
to_delete/filter414/pcs_ppca_miss/pcs_npcs2.csv_scores
to_delete/filter414/pcs_ppca_miss/pcs_npcs2_data_rec.csv
to_delete/filter414/pcs_ppca_miss/pcs_npcs2_sigma.txt
to_delete/filter414/pcs_ppca_miss/pcs_npcs2_eval.csv
to_delete/filter415/pcs_ppca_miss/pcs_npcs2.csv
to_delete/filter415/pcs_ppca_miss/pcs_npcs2.csv_scores
to_delete/filter415/pcs_ppca_miss/pcs_npcs2_data_rec.csv
to_delete/filter415/pcs_ppca_miss/pcs_npcs2_sigma.txt
to_delete/filter415/pcs_ppca_miss/pcs_npcs2_eval.csv
to_delete/filter840/pcs_ppca_miss/pcs_npcs2.csv
to_delete/filter840/pcs_ppca_miss/pcs_npcs2.csv_scores
to_delete/filter840/pcs_ppca_miss/pcs_npcs2_data_rec.csv
to_delete/filter840/pcs_ppca_miss/pcs_npcs2_sigma.txt
to_delete/filter840/pcs_ppca_miss/pcs_npcs2_eval.csv
to_delete/filter841/pcs_ppca_miss/pcs_npcs2.csv
to_delete/filter841/pcs_ppca_miss/pcs_npcs2.csv_scores
to_delete/filter841/pcs_ppca_miss/pcs_npcs2_data_rec.csv
to_delete/filter841/pcs_ppca_miss/pcs_npcs2_sigma.txt
to_delete/filter841/pcs_ppca_miss/pcs_npcs2_eval.csv
to_delete/filter843/pcs_ppca_miss/pcs_npcs2.csv
to_delete/filter843/pcs_ppca_miss/pcs_npcs2.csv_scores
to_delete/filter843/pcs_ppca_miss/pcs_npcs2_data_rec.csv
to_delete/filter843/pcs_ppca_miss/pcs_npcs2_sigma.txt
to_delete/filter843/pcs_ppca_miss/pcs_npcs2_eval.csv
to_delete/filter844/pcs_ppca_miss/pcs_npcs2.csv
to_delete/filter844/pcs_ppca_miss/pcs_npcs2.csv_scores
to_delete/filter844/pcs_ppca_miss/pcs_npcs2_data_rec.csv
to_delete/filter844/pcs_ppca_miss/pcs_npcs2_sigma.txt
to_delete/filter844/pcs_ppca_miss/pcs_npcs2_eval.csv
to_delete/filter845/pcs_ppca_miss/pcs_npcs2.csv
to_delete/filter845/pcs_ppca_miss/pcs_npcs2.csv_scores
to_delete/filter845/pcs_ppca_miss/pcs_npcs2_data_rec.csv
to_delete/filter845/pcs_ppca_miss/pcs_npcs2_sigma.txt
to_delete/filter845/pcs_ppca_miss/pcs_npcs2_eval.csv
to_delete/filter846/pcs_ppca_miss/pcs_npcs2.csv
to_delete/filter846/pcs_ppca_miss/pcs_npcs2.csv_scores
to_delete/filter846/pcs_ppca_miss/pcs_npcs2_data_rec.csv
to_delete/filter846/pcs_ppca_miss/pcs_npcs2_sigma.txt
to_delete/filter846/pcs_ppca_miss/pcs_npcs2_eval.csv
to_delete/filter847/pcs_ppca_miss/pcs_npcs2.csv
to_delete/filter847/pcs_ppca_miss/pcs_npcs2.csv_scores
to_delete/filter847/pcs_ppca_miss/pcs_npcs2_data_rec.csv
to_delete/filter847/pcs_ppca_miss/pcs_npcs2_sigma.txt
to_delete/filter847/pcs_ppca_miss/pcs_npcs2_eval.csv
to_delete/filter848/pcs_ppca_miss/pcs_npcs2.csv
to_delete/filter848/pcs_ppca_miss/pcs_npcs2.csv_scores
to_delete/filter848/pcs_ppca_miss/pcs_npcs2_data_rec.csv
to_delete/filter848/pcs_ppca_miss/pcs_npcs2_sigma.txt
to_delete/filter848/pcs_ppca_miss/pcs_npcs2_eval.csv
to_delete/filter849/pcs_ppca_miss/pcs_npcs2.csv
to_delete/filter849/pcs_ppca_miss/pcs_npcs2.csv_scores
to_delete/filter849/pcs_ppca_miss/pcs_npcs2_data_rec.csv
to_delete/filter849/pcs_ppca_miss/pcs_npcs2_sigma.txt
to_delete/filter849/pcs_ppca_miss/pcs_npcs2_eval.csv
to_delete/filter850/pcs_ppca_miss/pcs_npcs2.csv
to_delete/filter850/pcs_ppca_miss/pcs_npcs2.csv_scores
to_delete/filter850/pcs_ppca_miss/pcs_npcs2_data_rec.csv
to_delete/filter850/pcs_ppca_miss/pcs_npcs2_sigma.txt
to_delete/filter850/pcs_ppca_miss/pcs_npcs2_eval.csv
to_delete/filter851/pcs_ppca_miss/pcs_npcs2.csv
to_delete/filter851/pcs_ppca_miss/pcs_npcs2.csv_scores
to_delete/filter851/pcs_ppca_miss/pcs_npcs2_data_rec.csv
to_delete/filter851/pcs_ppca_miss/pcs_npcs2_sigma.txt
to_delete/filter851/pcs_ppca_miss/pcs_npcs2_eval.csv
to_delete/filter1273/pcs_ppca_miss/pcs_npcs2.csv
to_delete/filter1273/pcs_ppca_miss/pcs_npcs2.csv_scores
to_delete/filter1273/pcs_ppca_miss/pcs_npcs2_data_rec.csv
to_delete/filter1273/pcs_ppca_miss/pcs_npcs2_sigma.txt
to_delete/filter1273/pcs_ppca_miss/pcs_npcs2_eval.csv
to_delete/filter1274/pcs_ppca_miss/pcs_npcs2.csv
to_delete/filter1274/pcs_ppca_miss/pcs_npcs2.csv_scores
to_delete/filter1274/pcs_ppca_miss/pcs_npcs2_data_rec.csv
to_delete/filter1274/pcs_ppca_miss/pcs_npcs2_sigma.txt
to_delete/filter1274/pcs_ppca_miss/pcs_npcs2_eval.csv
to_delete/filter1275/pcs_ppca_miss/pcs_npcs2.csv
to_delete/filter1275/pcs_ppca_miss/pcs_npcs2.csv_scores
to_delete/filter1275/pcs_ppca_miss/pcs_npcs2_data_rec.csv
to_delete/filter1275/pcs_ppca_miss/pcs_npcs2_sigma.txt
to_delete/filter1275/pcs_ppca_miss/pcs_npcs2_eval.csv
to_delete/filter1276/pcs_ppca_miss/pcs_npcs2.csv
to_delete/filter1276/pcs_ppca_miss/pcs_npcs2.csv_scores
to_delete/filter1276/pcs_ppca_miss/pcs_npcs2_data_rec.csv
to_delete/filter1276/pcs_ppca_miss/pcs_npcs2_sigma.txt
to_delete/filter1276/pcs_ppca_miss/pcs_npcs2_eval.csv
to_delete/filter1277/pcs_ppca_miss/pcs_npcs2.csv
to_delete/filter1277/pcs_ppca_miss/pcs_npcs2.csv_scores
to_delete/filter1277/pcs_ppca_miss/pcs_npcs2_data_rec.csv
to_delete/filter1277/pcs_ppca_miss/pcs_npcs2_sigma.txt
to_delete/filter1277/pcs_ppca_miss/pcs_npcs2_eval.csv
to_delete/filter1278/pcs_ppca_miss/pcs_npcs2.csv
to_delete/filter1278/pcs_ppca_miss/pcs_npcs2.csv_scores
to_delete/filter1278/pcs_ppca_miss/pcs_npcs2_data_rec.csv
to_delete/filter1278/pcs_ppca_miss/pcs_npcs2_sigma.txt
to_delete/filter1278/pcs_ppca_miss/pcs_npcs2_eval.csv
to_delete/filter1279/pcs_ppca_miss/pcs_npcs2.csv
to_delete/filter1279/pcs_ppca_miss/pcs_npcs2.csv_scores
to_delete/filter1279/pcs_ppca_miss/pcs_npcs2_data_rec.csv
to_delete/filter1279/pcs_ppca_miss/pcs_npcs2_sigma.txt
to_delete/filter1279/pcs_ppca_miss/pcs_npcs2_eval.csv
to_delete/filter1280/pcs_ppca_miss/pcs_npcs2.csv
to_delete/filter1280/pcs_ppca_miss/pcs_npcs2.csv_scores
to_delete/filter1280/pcs_ppca_miss/pcs_npcs2_data_rec.csv
to_delete/filter1280/pcs_ppca_miss/pcs_npcs2_sigma.txt
to_delete/filter1280/pcs_ppca_miss/pcs_npcs2_eval.csv
to_delete/filter1281/pcs_ppca_miss/pcs_npcs2.csv
to_delete/filter1281/pcs_ppca_miss/pcs_npcs2.csv_scores
to_delete/filter1281/pcs_ppca_miss/pcs_npcs2_data_rec.csv
to_delete/filter1281/pcs_ppca_miss/pcs_npcs2_sigma.txt
to_delete/filter1281/pcs_ppca_miss/pcs_npcs2_eval.csv
to_delete/filter1282/pcs_ppca_miss/pcs_npcs2.csv
to_delete/filter1282/pcs_ppca_miss/pcs_npcs2.csv_scores
to_delete/filter1282/pcs_ppca_miss/pcs_npcs2_data_rec.csv
to_delete/filter1282/pcs_ppca_miss/pcs_npcs2_sigma.txt
to_delete/filter1282/pcs_ppca_miss/pcs_npcs2_eval.csv
to_delete/filter1283/pcs_ppca_miss/pcs_npcs2.csv
to_delete/filter1283/pcs_ppca_miss/pcs_npcs2.csv_scores
to_delete/filter1283/pcs_ppca_miss/pcs_npcs2_data_rec.csv
to_delete/filter1283/pcs_ppca_miss/pcs_npcs2_sigma.txt
to_delete/filter1283/pcs_ppca_miss/pcs_npcs2_eval.csv
to_delete/filter1284/pcs_ppca_miss/pcs_npcs2.csv
to_delete/filter1284/pcs_ppca_miss/pcs_npcs2.csv_scores
to_delete/filter1284/pcs_ppca_miss/pcs_npcs2_data_rec.csv
to_delete/filter1284/pcs_ppca_miss/pcs_npcs2_sigma.txt
to_delete/filter1284/pcs_ppca_miss/pcs_npcs2_eval.csv
to_delete/filter1285/pcs_ppca_miss/pcs_npcs2.csv
to_delete/filter1285/pcs_ppca_miss/pcs_npcs2.csv_scores
to_delete/filter1285/pcs_ppca_miss/pcs_npcs2_data_rec.csv
to_delete/filter1285/pcs_ppca_miss/pcs_npcs2_sigma.txt
to_delete/filter1285/pcs_ppca_miss/pcs_npcs2_eval.csv
